<?xml version="1.0" encoding="UTF-8"?>
<testng-results ignored="0" total="1" passed="1" failed="0" skipped="0">
  <reporter-output>
  </reporter-output>
  <suite started-at="2023-06-14T11:04:25 IST" name="Default suite" finished-at="2023-06-14T11:04:34 IST" duration-ms="8761">
    <groups>
    </groups>
    <test started-at="2023-06-14T11:04:25 IST" name="Default test" finished-at="2023-06-14T11:04:34 IST" duration-ms="8761">
      <class name="packAndGoPackage.LoginVerification">
        <test-method is-config="true" signature="beforeClass()[pri:0, instance:packAndGoPackage.LoginVerification@123ef382]" started-at="2023-06-14T11:04:25 IST" name="beforeClass" finished-at="2023-06-14T11:04:29 IST" duration-ms="3318" status="PASS">
          <reporter-output>
          </reporter-output>
        </test-method> <!-- beforeClass -->
        <test-method signature="f()[pri:0, instance:packAndGoPackage.LoginVerification@123ef382]" started-at="2023-06-14T11:04:29 IST" name="f" finished-at="2023-06-14T11:04:34 IST" duration-ms="5268" status="PASS">
          <reporter-output>
          </reporter-output>
        </test-method> <!-- f -->
        <test-method is-config="true" signature="afterClass()[pri:0, instance:packAndGoPackage.LoginVerification@123ef382]" started-at="2023-06-14T11:04:34 IST" name="afterClass" finished-at="2023-06-14T11:04:34 IST" duration-ms="138" status="PASS">
          <reporter-output>
          </reporter-output>
        </test-method> <!-- afterClass -->
      </class> <!-- packAndGoPackage.LoginVerification -->
    </test> <!-- Default test -->
  </suite> <!-- Default suite -->
</testng-results>
